<?xml version="1.0" encoding="UTF-8"?>
<!-- Generated by org.testng.reporters.JUnitReportReporter -->
<testsuite hostname="shamul-pc" name="testing.FirstTest" tests="2" failures="0" timestamp="14 Mar 2015 15:23:04 GMT" time="0.015" errors="0">
  <testcase name="TestApp" time="0.000" classname="testing.FirstTest"/>
  <testcase name="LoginTest" time="0.015" classname="testing.FirstTest"/>
</testsuite> <!-- testing.FirstTest -->
