<?xml version="1.0" encoding="UTF-8"?>
<!-- Generated by org.testng.reporters.JUnitReportReporter -->
<testsuite hostname="shamul-pc" name="test.SecondTest" tests="1" failures="0" timestamp="3 Apr 2015 01:36:29 GMT" time="0.016" errors="0">
  <testcase name="yahooTest" time="0.016" classname="test.SecondTest"/>
</testsuite> <!-- test.SecondTest -->
