<?xml version="1.0" encoding="UTF-8"?>
<!-- Generated by org.testng.reporters.JUnitReportReporter -->
<testsuite hostname="shamul-pc" name="test.FirstTest" tests="3" failures="0" timestamp="26 Apr 2015 15:49:07 GMT" time="0.016" errors="0">
  <testcase name="LoginTest" time="0.000" classname="test.FirstTest"/>
  <testcase name="TestApp" time="0.000" classname="test.FirstTest"/>
  <testcase name="LogoutTest" time="0.016" classname="test.FirstTest"/>
</testsuite> <!-- test.FirstTest -->
